{
  "stats": {
    "suites": 12,
    "tests": 41,
    "passes": 1,
    "pending": 0,
    "failures": 40,
    "start": "2022-03-21T17:57:44.493Z",
    "end": "2022-03-21T18:00:47.171Z",
    "duration": 182678,
    "testsRegistered": 41,
    "passPercent": 2.4390243902439024,
    "pendingPercent": 0,
    "other": 0,
    "hasOther": false,
    "skipped": 0,
    "hasSkipped": false
  },
  "results": [
    {
      "uuid": "9035ec65-e68f-44df-a1fd-4463f13bd1ae",
      "title": "",
      "fullFile": "cypress/integration/project.spec.js",
      "file": "cypress/integration/project.spec.js",
      "beforeHooks": [],
      "afterHooks": [],
      "tests": [],
      "suites": [
        {
          "uuid": "e1087625-c78b-4aa0-9599-6ae366d05eee",
          "title": "1 - Adicione à página o título \"Paleta de Cores\".",
          "fullFile": "",
          "file": "",
          "beforeHooks": [],
          "afterHooks": [],
          "tests": [
            {
              "title": "Verifica se contém um elemento `h1` com o id `title` com o título correto",
              "fullTitle": "1 - Adicione à página o título \"Paleta de Cores\". Verifica se contém um elemento `h1` com o id `title` com o título correto",
              "timedOut": null,
              "duration": 391,
              "state": "passed",
              "speed": "slow",
              "pass": true,
              "fail": false,
              "pending": false,
              "context": null,
              "code": "cy.get('h1#title').should('contain.text', 'Paleta de Cores');",
              "err": {},
              "uuid": "6677e89e-7ab9-494b-80cd-f394fa5adc40",
              "parentUUID": "e1087625-c78b-4aa0-9599-6ae366d05eee",
              "isHook": false,
              "skipped": false
            }
          ],
          "suites": [],
          "passes": [
            "6677e89e-7ab9-494b-80cd-f394fa5adc40"
          ],
          "failures": [],
          "pending": [],
          "skipped": [],
          "duration": 391,
          "root": false,
          "rootEmpty": false,
          "_timeout": 2000
        },
        {
          "uuid": "0fd8cd70-d89b-4969-9552-42b3ca81db56",
          "title": "2 - Adicione à página uma paleta de quatro cores distintas.",
          "fullFile": "",
          "file": "",
          "beforeHooks": [],
          "afterHooks": [],
          "tests": [
            {
              "title": "A paleta de cores deve ser um elemento com `id` denominado `color-palette` e ter mais de 0px de altura e de largura.",
              "fullTitle": "2 - Adicione à página uma paleta de quatro cores distintas. A paleta de cores deve ser um elemento com `id` denominado `color-palette` e ter mais de 0px de altura e de largura.",
              "timedOut": null,
              "duration": 4585,
              "state": "failed",
              "speed": null,
              "pass": false,
              "fail": true,
              "pending": false,
              "context": null,
              "code": "cy.get('#color-palette').should('be.visible');\ncy.get('#color-palette').children('.color');",
              "err": {
                "message": "CypressError: Timed out retrying: Expected to find element: '#color-palette', but never found it.",
                "estack": "CypressError: Timed out retrying: Expected to find element: '#color-palette', but never found it.\n    at cypressErr (http://localhost:42209/__cypress/runner/cypress_runner.js:149934:9)\n    at throwErr (http://localhost:42209/__cypress/runner/cypress_runner.js:149867:11)\n    at Object.throwErrByPath (http://localhost:42209/__cypress/runner/cypress_runner.js:149915:3)\n    at retry (http://localhost:42209/__cypress/runner/cypress_runner.js:144197:19)\n    at onFailFn (http://localhost:42209/__cypress/runner/cypress_runner.js:132448:16)\n    at tryCatcher (http://localhost:42209/__cypress/runner/cypress_runner.js:167415:23)\n    at Promise._settlePromiseFromHandler (http://localhost:42209/__cypress/runner/cypress_runner.js:165351:31)\n    at Promise._settlePromise (http://localhost:42209/__cypress/runner/cypress_runner.js:165408:18)\n    at Promise._settlePromise0 (http://localhost:42209/__cypress/runner/cypress_runner.js:165453:10)\n    at Promise._settlePromises (http://localhost:42209/__cypress/runner/cypress_runner.js:165528:18)\n    at Async../node_modules/bluebird/js/release/async.js.Async._drainQueue (http://localhost:42209/__cypress/runner/cypress_runner.js:162140:16)\n    at Async../node_modules/bluebird/js/release/async.js.Async._drainQueues (http://localhost:42209/__cypress/runner/cypress_runner.js:162150:10)\n    at Async.drainQueues (http://localhost:42209/__cypress/runner/cypress_runner.js:162024:14)",
                "diff": null
              },
              "uuid": "a03832f6-f3bb-47e4-92a4-ccf2a057c981",
              "parentUUID": "0fd8cd70-d89b-4969-9552-42b3ca81db56",
              "isHook": false,
              "skipped": false
            },
            {
              "title": "Verifica se cada cor individual da paleta de cores possui a `classe` chamada `color`.",
              "fullTitle": "2 - Adicione à página uma paleta de quatro cores distintas. Verifica se cada cor individual da paleta de cores possui a `classe` chamada `color`.",
              "timedOut": null,
              "duration": 4379,
              "state": "failed",
              "speed": null,
              "pass": false,
              "fail": true,
              "pending": false,
              "context": null,
              "code": "cy.get('.color').should('have.length', 4).then(function (colors) {\n  for (var i = 0; i < colors.length; i++) {\n    cy.wrap(colors[i]).should('be.visible');\n  }\n});",
              "err": {
                "message": "CypressError: Timed out retrying: Expected to find element: '.color', but never found it.",
                "estack": "CypressError: Timed out retrying: Expected to find element: '.color', but never found it.\n    at cypressErr (http://localhost:42209/__cypress/runner/cypress_runner.js:149934:9)\n    at throwErr (http://localhost:42209/__cypress/runner/cypress_runner.js:149867:11)\n    at Object.throwErrByPath (http://localhost:42209/__cypress/runner/cypress_runner.js:149915:3)\n    at retry (http://localhost:42209/__cypress/runner/cypress_runner.js:144197:19)\n    at onFailFn (http://localhost:42209/__cypress/runner/cypress_runner.js:132448:16)\n    at tryCatcher (http://localhost:42209/__cypress/runner/cypress_runner.js:167415:23)\n    at Promise._settlePromiseFromHandler (http://localhost:42209/__cypress/runner/cypress_runner.js:165351:31)\n    at Promise._settlePromise (http://localhost:42209/__cypress/runner/cypress_runner.js:165408:18)\n    at Promise._settlePromise0 (http://localhost:42209/__cypress/runner/cypress_runner.js:165453:10)\n    at Promise._settlePromises (http://localhost:42209/__cypress/runner/cypress_runner.js:165528:18)\n    at Async../node_modules/bluebird/js/release/async.js.Async._drainQueue (http://localhost:42209/__cypress/runner/cypress_runner.js:162140:16)\n    at Async../node_modules/bluebird/js/release/async.js.Async._drainQueues (http://localhost:42209/__cypress/runner/cypress_runner.js:162150:10)\n    at Async.drainQueues (http://localhost:42209/__cypress/runner/cypress_runner.js:162024:14)",
                "diff": null
              },
              "uuid": "2dd7c020-7baa-412d-84c7-6fe3f9d6a9cc",
              "parentUUID": "0fd8cd70-d89b-4969-9552-42b3ca81db56",
              "isHook": false,
              "skipped": false
            },
            {
              "title": "Verifica se a cor de fundo de cada elemento da paleta é a cor que o elemento representa. **A única cor não permitida na paleta é a cor branca.**",
              "fullTitle": "2 - Adicione à página uma paleta de quatro cores distintas. Verifica se a cor de fundo de cada elemento da paleta é a cor que o elemento representa. **A única cor não permitida na paleta é a cor branca.**",
              "timedOut": null,
              "duration": 4394,
              "state": "failed",
              "speed": null,
              "pass": false,
              "fail": true,
              "pending": false,
              "context": null,
              "code": "cy.get('.color').each(function (color) {\n  cy.wrap(color).should('have.class', 'color').and('not.have.css', 'background-color', WHITE);\n  cy.wrap(color).should('have.css', 'background-color');\n});",
              "err": {
                "message": "CypressError: Timed out retrying: Expected to find element: '.color', but never found it.",
                "estack": "CypressError: Timed out retrying: Expected to find element: '.color', but never found it.\n    at cypressErr (http://localhost:42209/__cypress/runner/cypress_runner.js:149934:9)\n    at throwErr (http://localhost:42209/__cypress/runner/cypress_runner.js:149867:11)\n    at Object.throwErrByPath (http://localhost:42209/__cypress/runner/cypress_runner.js:149915:3)\n    at retry (http://localhost:42209/__cypress/runner/cypress_runner.js:144197:19)\n    at onFailFn (http://localhost:42209/__cypress/runner/cypress_runner.js:132448:16)\n    at tryCatcher (http://localhost:42209/__cypress/runner/cypress_runner.js:167415:23)\n    at Promise._settlePromiseFromHandler (http://localhost:42209/__cypress/runner/cypress_runner.js:165351:31)\n    at Promise._settlePromise (http://localhost:42209/__cypress/runner/cypress_runner.js:165408:18)\n    at Promise._settlePromise0 (http://localhost:42209/__cypress/runner/cypress_runner.js:165453:10)\n    at Promise._settlePromises (http://localhost:42209/__cypress/runner/cypress_runner.js:165528:18)\n    at Async../node_modules/bluebird/js/release/async.js.Async._drainQueue (http://localhost:42209/__cypress/runner/cypress_runner.js:162140:16)\n    at Async../node_modules/bluebird/js/release/async.js.Async._drainQueues (http://localhost:42209/__cypress/runner/cypress_runner.js:162150:10)\n    at Async.drainQueues (http://localhost:42209/__cypress/runner/cypress_runner.js:162024:14)",
                "diff": null
              },
              "uuid": "0d800350-5019-45c4-86c2-d8fe14ee2651",
              "parentUUID": "0fd8cd70-d89b-4969-9552-42b3ca81db56",
              "isHook": false,
              "skipped": false
            },
            {
              "title": "Verifica se cada elemento da paleta de cores tem uma borda preta, sólida e com 1 pixel de largura;",
              "fullTitle": "2 - Adicione à página uma paleta de quatro cores distintas. Verifica se cada elemento da paleta de cores tem uma borda preta, sólida e com 1 pixel de largura;",
              "timedOut": null,
              "duration": 4373,
              "state": "failed",
              "speed": null,
              "pass": false,
              "fail": true,
              "pending": false,
              "context": null,
              "code": "cy.get('.color').each(function (color) {\n  cy.wrap(color).and('have.css', 'border', \"1px solid \".concat(BLACK)).and('have.class', 'color');\n});",
              "err": {
                "message": "CypressError: Timed out retrying: Expected to find element: '.color', but never found it.",
                "estack": "CypressError: Timed out retrying: Expected to find element: '.color', but never found it.\n    at cypressErr (http://localhost:42209/__cypress/runner/cypress_runner.js:149934:9)\n    at throwErr (http://localhost:42209/__cypress/runner/cypress_runner.js:149867:11)\n    at Object.throwErrByPath (http://localhost:42209/__cypress/runner/cypress_runner.js:149915:3)\n    at retry (http://localhost:42209/__cypress/runner/cypress_runner.js:144197:19)\n    at onFailFn (http://localhost:42209/__cypress/runner/cypress_runner.js:132448:16)\n    at tryCatcher (http://localhost:42209/__cypress/runner/cypress_runner.js:167415:23)\n    at Promise._settlePromiseFromHandler (http://localhost:42209/__cypress/runner/cypress_runner.js:165351:31)\n    at Promise._settlePromise (http://localhost:42209/__cypress/runner/cypress_runner.js:165408:18)\n    at Promise._settlePromise0 (http://localhost:42209/__cypress/runner/cypress_runner.js:165453:10)\n    at Promise._settlePromises (http://localhost:42209/__cypress/runner/cypress_runner.js:165528:18)\n    at Async../node_modules/bluebird/js/release/async.js.Async._drainQueue (http://localhost:42209/__cypress/runner/cypress_runner.js:162140:16)\n    at Async../node_modules/bluebird/js/release/async.js.Async._drainQueues (http://localhost:42209/__cypress/runner/cypress_runner.js:162150:10)\n    at Async.drainQueues (http://localhost:42209/__cypress/runner/cypress_runner.js:162024:14)",
                "diff": null
              },
              "uuid": "4930a087-79ba-4df4-8ba9-689c58e47479",
              "parentUUID": "0fd8cd70-d89b-4969-9552-42b3ca81db56",
              "isHook": false,
              "skipped": false
            },
            {
              "title": "Verifica se a paleta lista todas as cores disponíveis para utilização, lado a lado.",
              "fullTitle": "2 - Adicione à página uma paleta de quatro cores distintas. Verifica se a paleta lista todas as cores disponíveis para utilização, lado a lado.",
              "timedOut": null,
              "duration": 4355,
              "state": "failed",
              "speed": null,
              "pass": false,
              "fail": true,
              "pending": false,
              "context": null,
              "code": "cy.get('.color').then(function (colors) {\n  for (var index = 1; index < colors.length; index += 1) {\n    var currentColor = colors[index];\n    var previousColor = colors[index - 1];\n    cy.wrap(currentColor).should('be.onTheRightOf', previousColor).and('be.horizontallyAlignedWith', previousColor);\n  }\n});",
              "err": {
                "message": "CypressError: Timed out retrying: Expected to find element: '.color', but never found it.",
                "estack": "CypressError: Timed out retrying: Expected to find element: '.color', but never found it.\n    at cypressErr (http://localhost:42209/__cypress/runner/cypress_runner.js:149934:9)\n    at throwErr (http://localhost:42209/__cypress/runner/cypress_runner.js:149867:11)\n    at Object.throwErrByPath (http://localhost:42209/__cypress/runner/cypress_runner.js:149915:3)\n    at retry (http://localhost:42209/__cypress/runner/cypress_runner.js:144197:19)\n    at onFailFn (http://localhost:42209/__cypress/runner/cypress_runner.js:132448:16)\n    at tryCatcher (http://localhost:42209/__cypress/runner/cypress_runner.js:167415:23)\n    at Promise._settlePromiseFromHandler (http://localhost:42209/__cypress/runner/cypress_runner.js:165351:31)\n    at Promise._settlePromise (http://localhost:42209/__cypress/runner/cypress_runner.js:165408:18)\n    at Promise._settlePromise0 (http://localhost:42209/__cypress/runner/cypress_runner.js:165453:10)\n    at Promise._settlePromises (http://localhost:42209/__cypress/runner/cypress_runner.js:165528:18)\n    at Async../node_modules/bluebird/js/release/async.js.Async._drainQueue (http://localhost:42209/__cypress/runner/cypress_runner.js:162140:16)\n    at Async../node_modules/bluebird/js/release/async.js.Async._drainQueues (http://localhost:42209/__cypress/runner/cypress_runner.js:162150:10)\n    at Async.drainQueues (http://localhost:42209/__cypress/runner/cypress_runner.js:162024:14)",
                "diff": null
              },
              "uuid": "739c4377-a1b3-4995-86cb-c0def4e5645b",
              "parentUUID": "0fd8cd70-d89b-4969-9552-42b3ca81db56",
              "isHook": false,
              "skipped": false
            },
            {
              "title": "Verifica se a paleta de cores está posicionada abaixo do título 'Paleta de Cores'",
              "fullTitle": "2 - Adicione à página uma paleta de quatro cores distintas. Verifica se a paleta de cores está posicionada abaixo do título 'Paleta de Cores'",
              "timedOut": null,
              "duration": 4427,
              "state": "failed",
              "speed": null,
              "pass": false,
              "fail": true,
              "pending": false,
              "context": null,
              "code": "cy.get('h1#title').then(function (title) {\n  cy.get('#color-palette').should('be.belowOf', title);\n});",
              "err": {
                "message": "CypressError: Timed out retrying: Expected to find element: '#color-palette', but never found it.",
                "estack": "CypressError: Timed out retrying: Expected to find element: '#color-palette', but never found it.\n    at cypressErr (http://localhost:42209/__cypress/runner/cypress_runner.js:149934:9)\n    at throwErr (http://localhost:42209/__cypress/runner/cypress_runner.js:149867:11)\n    at Object.throwErrByPath (http://localhost:42209/__cypress/runner/cypress_runner.js:149915:3)\n    at retry (http://localhost:42209/__cypress/runner/cypress_runner.js:144197:19)\n    at onFailFn (http://localhost:42209/__cypress/runner/cypress_runner.js:132448:16)\n    at tryCatcher (http://localhost:42209/__cypress/runner/cypress_runner.js:167415:23)\n    at Promise._settlePromiseFromHandler (http://localhost:42209/__cypress/runner/cypress_runner.js:165351:31)\n    at Promise._settlePromise (http://localhost:42209/__cypress/runner/cypress_runner.js:165408:18)\n    at Promise._settlePromise0 (http://localhost:42209/__cypress/runner/cypress_runner.js:165453:10)\n    at Promise._settlePromises (http://localhost:42209/__cypress/runner/cypress_runner.js:165528:18)\n    at Async../node_modules/bluebird/js/release/async.js.Async._drainQueue (http://localhost:42209/__cypress/runner/cypress_runner.js:162140:16)\n    at Async../node_modules/bluebird/js/release/async.js.Async._drainQueues (http://localhost:42209/__cypress/runner/cypress_runner.js:162150:10)\n    at Async.drainQueues (http://localhost:42209/__cypress/runner/cypress_runner.js:162024:14)",
                "diff": null
              },
              "uuid": "9a68e240-812c-4ffe-a0e0-915a74e173f7",
              "parentUUID": "0fd8cd70-d89b-4969-9552-42b3ca81db56",
              "isHook": false,
              "skipped": false
            },
            {
              "title": "Verifica se a paleta de cores não contém cores repetidas.",
              "fullTitle": "2 - Adicione à página uma paleta de quatro cores distintas. Verifica se a paleta de cores não contém cores repetidas.",
              "timedOut": null,
              "duration": 4316,
              "state": "failed",
              "speed": null,
              "pass": false,
              "fail": true,
              "pending": false,
              "context": null,
              "code": "cy.get('.color').then(function (colors) {\n  var allColors = Array.from(colors).map(function (color) {\n    return Cypress.$(color).css('background-color');\n  });\n  cy.log(allColors);\n  var uniqColors = (0, _toConsumableArray2[\"default\"])(new Set(allColors));\n  cy.log(uniqColors);\n  expect(allColors.length).to.eq(uniqColors.length);\n});",
              "err": {
                "message": "CypressError: Timed out retrying: Expected to find element: '.color', but never found it.",
                "estack": "CypressError: Timed out retrying: Expected to find element: '.color', but never found it.\n    at cypressErr (http://localhost:42209/__cypress/runner/cypress_runner.js:149934:9)\n    at throwErr (http://localhost:42209/__cypress/runner/cypress_runner.js:149867:11)\n    at Object.throwErrByPath (http://localhost:42209/__cypress/runner/cypress_runner.js:149915:3)\n    at retry (http://localhost:42209/__cypress/runner/cypress_runner.js:144197:19)\n    at onFailFn (http://localhost:42209/__cypress/runner/cypress_runner.js:132448:16)\n    at tryCatcher (http://localhost:42209/__cypress/runner/cypress_runner.js:167415:23)\n    at Promise._settlePromiseFromHandler (http://localhost:42209/__cypress/runner/cypress_runner.js:165351:31)\n    at Promise._settlePromise (http://localhost:42209/__cypress/runner/cypress_runner.js:165408:18)\n    at Promise._settlePromise0 (http://localhost:42209/__cypress/runner/cypress_runner.js:165453:10)\n    at Promise._settlePromises (http://localhost:42209/__cypress/runner/cypress_runner.js:165528:18)\n    at Async../node_modules/bluebird/js/release/async.js.Async._drainQueue (http://localhost:42209/__cypress/runner/cypress_runner.js:162140:16)\n    at Async../node_modules/bluebird/js/release/async.js.Async._drainQueues (http://localhost:42209/__cypress/runner/cypress_runner.js:162150:10)\n    at Async.drainQueues (http://localhost:42209/__cypress/runner/cypress_runner.js:162024:14)",
                "diff": null
              },
              "uuid": "fef226e2-f121-4fd7-871f-15ddfaac9a85",
              "parentUUID": "0fd8cd70-d89b-4969-9552-42b3ca81db56",
              "isHook": false,
              "skipped": false
            }
          ],
          "suites": [],
          "passes": [],
          "failures": [
            "a03832f6-f3bb-47e4-92a4-ccf2a057c981",
            "2dd7c020-7baa-412d-84c7-6fe3f9d6a9cc",
            "0d800350-5019-45c4-86c2-d8fe14ee2651",
            "4930a087-79ba-4df4-8ba9-689c58e47479",
            "739c4377-a1b3-4995-86cb-c0def4e5645b",
            "9a68e240-812c-4ffe-a0e0-915a74e173f7",
            "fef226e2-f121-4fd7-871f-15ddfaac9a85"
          ],
          "pending": [],
          "skipped": [],
          "duration": 30829,
          "root": false,
          "rootEmpty": false,
          "_timeout": 2000
        },
        {
          "uuid": "ff0eac7f-04f3-434e-8ca6-08d39ffcece8",
          "title": "3 - Adicione a cor **preta** como a primeira cor da paleta de cores.",
          "fullFile": "",
          "file": "",
          "beforeHooks": [],
          "afterHooks": [],
          "tests": [
            {
              "title": "Verifica se a primeira cor da paleta é preta",
              "fullTitle": "3 - Adicione a cor **preta** como a primeira cor da paleta de cores. Verifica se a primeira cor da paleta é preta",
              "timedOut": null,
              "duration": 4344,
              "state": "failed",
              "speed": null,
              "pass": false,
              "fail": true,
              "pending": false,
              "context": null,
              "code": "cy.get('.color').first().should('have.css', 'background-color', BLACK);",
              "err": {
                "message": "CypressError: Timed out retrying: Expected to find element: '.color', but never found it.",
                "estack": "CypressError: Timed out retrying: Expected to find element: '.color', but never found it.\n    at cypressErr (http://localhost:42209/__cypress/runner/cypress_runner.js:149934:9)\n    at throwErr (http://localhost:42209/__cypress/runner/cypress_runner.js:149867:11)\n    at Object.throwErrByPath (http://localhost:42209/__cypress/runner/cypress_runner.js:149915:3)\n    at retry (http://localhost:42209/__cypress/runner/cypress_runner.js:144197:19)\n    at onFailFn (http://localhost:42209/__cypress/runner/cypress_runner.js:132448:16)\n    at tryCatcher (http://localhost:42209/__cypress/runner/cypress_runner.js:167415:23)\n    at Promise._settlePromiseFromHandler (http://localhost:42209/__cypress/runner/cypress_runner.js:165351:31)\n    at Promise._settlePromise (http://localhost:42209/__cypress/runner/cypress_runner.js:165408:18)\n    at Promise._settlePromise0 (http://localhost:42209/__cypress/runner/cypress_runner.js:165453:10)\n    at Promise._settlePromises (http://localhost:42209/__cypress/runner/cypress_runner.js:165528:18)\n    at Async../node_modules/bluebird/js/release/async.js.Async._drainQueue (http://localhost:42209/__cypress/runner/cypress_runner.js:162140:16)\n    at Async../node_modules/bluebird/js/release/async.js.Async._drainQueues (http://localhost:42209/__cypress/runner/cypress_runner.js:162150:10)\n    at Async.drainQueues (http://localhost:42209/__cypress/runner/cypress_runner.js:162024:14)",
                "diff": null
              },
              "uuid": "c9263706-c324-463d-8a54-dede2e827d5c",
              "parentUUID": "ff0eac7f-04f3-434e-8ca6-08d39ffcece8",
              "isHook": false,
              "skipped": false
            },
            {
              "title": "Verifica se as demais cores podem ser escolhidas livremente.",
              "fullTitle": "3 - Adicione a cor **preta** como a primeira cor da paleta de cores. Verifica se as demais cores podem ser escolhidas livremente.",
              "timedOut": null,
              "duration": 4327,
              "state": "failed",
              "speed": null,
              "pass": false,
              "fail": true,
              "pending": false,
              "context": null,
              "code": "cy.get('.color').eq(1).should('not.have.css', 'background-color', BLACK);\ncy.get('.color').eq(1).should('not.have.css', 'background-color', WHITE);\ncy.get('.color').eq(1).should('not.have.css', 'background-color', 'rgba(0, 0, 0, 0)');\ncy.get('.color').eq(1).should('have.css', 'background-color');\ncy.get('.color').eq(2).should('not.have.css', 'background-color', BLACK);\ncy.get('.color').eq(2).should('not.have.css', 'background-color', WHITE);\ncy.get('.color').eq(2).should('not.have.css', 'background-color', 'rgba(0, 0, 0, 0)');\ncy.get('.color').eq(2).should('have.css', 'background-color');\ncy.get('.color').eq(3).should('not.have.css', 'background-color', BLACK);\ncy.get('.color').eq(3).should('not.have.css', 'background-color', WHITE);\ncy.get('.color').eq(3).should('not.have.css', 'background-color', 'rgba(0, 0, 0, 0)');\ncy.get('.color').eq(3).should('have.css', 'background-color');",
              "err": {
                "message": "CypressError: Timed out retrying: Expected to find element: '.color', but never found it.",
                "estack": "CypressError: Timed out retrying: Expected to find element: '.color', but never found it.\n    at cypressErr (http://localhost:42209/__cypress/runner/cypress_runner.js:149934:9)\n    at throwErr (http://localhost:42209/__cypress/runner/cypress_runner.js:149867:11)\n    at Object.throwErrByPath (http://localhost:42209/__cypress/runner/cypress_runner.js:149915:3)\n    at retry (http://localhost:42209/__cypress/runner/cypress_runner.js:144197:19)\n    at onFailFn (http://localhost:42209/__cypress/runner/cypress_runner.js:132448:16)\n    at tryCatcher (http://localhost:42209/__cypress/runner/cypress_runner.js:167415:23)\n    at Promise._settlePromiseFromHandler (http://localhost:42209/__cypress/runner/cypress_runner.js:165351:31)\n    at Promise._settlePromise (http://localhost:42209/__cypress/runner/cypress_runner.js:165408:18)\n    at Promise._settlePromise0 (http://localhost:42209/__cypress/runner/cypress_runner.js:165453:10)\n    at Promise._settlePromises (http://localhost:42209/__cypress/runner/cypress_runner.js:165528:18)\n    at Async../node_modules/bluebird/js/release/async.js.Async._drainQueue (http://localhost:42209/__cypress/runner/cypress_runner.js:162140:16)\n    at Async../node_modules/bluebird/js/release/async.js.Async._drainQueues (http://localhost:42209/__cypress/runner/cypress_runner.js:162150:10)\n    at Async.drainQueues (http://localhost:42209/__cypress/runner/cypress_runner.js:162024:14)",
                "diff": null
              },
              "uuid": "7de585f6-99d0-43dc-8234-12b44c139fb4",
              "parentUUID": "ff0eac7f-04f3-434e-8ca6-08d39ffcece8",
              "isHook": false,
              "skipped": false
            }
          ],
          "suites": [],
          "passes": [],
          "failures": [
            "c9263706-c324-463d-8a54-dede2e827d5c",
            "7de585f6-99d0-43dc-8234-12b44c139fb4"
          ],
          "pending": [],
          "skipped": [],
          "duration": 8671,
          "root": false,
          "rootEmpty": false,
          "_timeout": 2000
        },
        {
          "uuid": "9b4e0a2e-3fa5-4816-8be4-c076d38c720a",
          "title": "4 - Adicione à página um quadro de pixels, com 25 pixels.",
          "fullFile": "",
          "file": "",
          "beforeHooks": [],
          "afterHooks": [],
          "tests": [
            {
              "title": "Verifica se o quadro de pixels possui o `id` denominado `pixel-board`",
              "fullTitle": "4 - Adicione à página um quadro de pixels, com 25 pixels. Verifica se o quadro de pixels possui o `id` denominado `pixel-board`",
              "timedOut": null,
              "duration": 4378,
              "state": "failed",
              "speed": null,
              "pass": false,
              "fail": true,
              "pending": false,
              "context": null,
              "code": "cy.get('#pixel-board').should('be.visible');",
              "err": {
                "message": "CypressError: Timed out retrying: Expected to find element: '#pixel-board', but never found it.",
                "estack": "CypressError: Timed out retrying: Expected to find element: '#pixel-board', but never found it.\n    at cypressErr (http://localhost:42209/__cypress/runner/cypress_runner.js:149934:9)\n    at throwErr (http://localhost:42209/__cypress/runner/cypress_runner.js:149867:11)\n    at Object.throwErrByPath (http://localhost:42209/__cypress/runner/cypress_runner.js:149915:3)\n    at retry (http://localhost:42209/__cypress/runner/cypress_runner.js:144197:19)\n    at onFailFn (http://localhost:42209/__cypress/runner/cypress_runner.js:132448:16)\n    at tryCatcher (http://localhost:42209/__cypress/runner/cypress_runner.js:167415:23)\n    at Promise._settlePromiseFromHandler (http://localhost:42209/__cypress/runner/cypress_runner.js:165351:31)\n    at Promise._settlePromise (http://localhost:42209/__cypress/runner/cypress_runner.js:165408:18)\n    at Promise._settlePromise0 (http://localhost:42209/__cypress/runner/cypress_runner.js:165453:10)\n    at Promise._settlePromises (http://localhost:42209/__cypress/runner/cypress_runner.js:165528:18)\n    at Async../node_modules/bluebird/js/release/async.js.Async._drainQueue (http://localhost:42209/__cypress/runner/cypress_runner.js:162140:16)\n    at Async../node_modules/bluebird/js/release/async.js.Async._drainQueues (http://localhost:42209/__cypress/runner/cypress_runner.js:162150:10)\n    at Async.drainQueues (http://localhost:42209/__cypress/runner/cypress_runner.js:162024:14)",
                "diff": null
              },
              "uuid": "ce252cc4-cb3c-4d68-b291-407d29738467",
              "parentUUID": "9b4e0a2e-3fa5-4816-8be4-c076d38c720a",
              "isHook": false,
              "skipped": false
            },
            {
              "title": "Verifica se cada pixel individual dentro do quadro possui a `classe` denominada `pixel`.",
              "fullTitle": "4 - Adicione à página um quadro de pixels, com 25 pixels. Verifica se cada pixel individual dentro do quadro possui a `classe` denominada `pixel`.",
              "timedOut": null,
              "duration": 4353,
              "state": "failed",
              "speed": null,
              "pass": false,
              "fail": true,
              "pending": false,
              "context": null,
              "code": "cy.get('.pixel').should('have.length', 25);",
              "err": {
                "message": "CypressError: Timed out retrying: Expected to find element: '.pixel', but never found it.",
                "estack": "CypressError: Timed out retrying: Expected to find element: '.pixel', but never found it.\n    at cypressErr (http://localhost:42209/__cypress/runner/cypress_runner.js:149934:9)\n    at throwErr (http://localhost:42209/__cypress/runner/cypress_runner.js:149867:11)\n    at Object.throwErrByPath (http://localhost:42209/__cypress/runner/cypress_runner.js:149915:3)\n    at retry (http://localhost:42209/__cypress/runner/cypress_runner.js:144197:19)\n    at onFailFn (http://localhost:42209/__cypress/runner/cypress_runner.js:132448:16)\n    at tryCatcher (http://localhost:42209/__cypress/runner/cypress_runner.js:167415:23)\n    at Promise._settlePromiseFromHandler (http://localhost:42209/__cypress/runner/cypress_runner.js:165351:31)\n    at Promise._settlePromise (http://localhost:42209/__cypress/runner/cypress_runner.js:165408:18)\n    at Promise._settlePromise0 (http://localhost:42209/__cypress/runner/cypress_runner.js:165453:10)\n    at Promise._settlePromises (http://localhost:42209/__cypress/runner/cypress_runner.js:165528:18)\n    at Async../node_modules/bluebird/js/release/async.js.Async._drainQueue (http://localhost:42209/__cypress/runner/cypress_runner.js:162140:16)\n    at Async../node_modules/bluebird/js/release/async.js.Async._drainQueues (http://localhost:42209/__cypress/runner/cypress_runner.js:162150:10)\n    at Async.drainQueues (http://localhost:42209/__cypress/runner/cypress_runner.js:162024:14)",
                "diff": null
              },
              "uuid": "a4bc1b2f-ca45-4d21-be64-86c3a21989a5",
              "parentUUID": "9b4e0a2e-3fa5-4816-8be4-c076d38c720a",
              "isHook": false,
              "skipped": false
            },
            {
              "title": "Verifica se a cor inicial dos pixels dentro do quadro, ao abrir a página, é branca.",
              "fullTitle": "4 - Adicione à página um quadro de pixels, com 25 pixels. Verifica se a cor inicial dos pixels dentro do quadro, ao abrir a página, é branca.",
              "timedOut": null,
              "duration": 4333,
              "state": "failed",
              "speed": null,
              "pass": false,
              "fail": true,
              "pending": false,
              "context": null,
              "code": "cy.get('.pixel').should('have.length', 25).each(function (pixel) {\n  expect(pixel).to.have.css('background-color', WHITE);\n});",
              "err": {
                "message": "CypressError: Timed out retrying: Expected to find element: '.pixel', but never found it.",
                "estack": "CypressError: Timed out retrying: Expected to find element: '.pixel', but never found it.\n    at cypressErr (http://localhost:42209/__cypress/runner/cypress_runner.js:149934:9)\n    at throwErr (http://localhost:42209/__cypress/runner/cypress_runner.js:149867:11)\n    at Object.throwErrByPath (http://localhost:42209/__cypress/runner/cypress_runner.js:149915:3)\n    at retry (http://localhost:42209/__cypress/runner/cypress_runner.js:144197:19)\n    at onFailFn (http://localhost:42209/__cypress/runner/cypress_runner.js:132448:16)\n    at tryCatcher (http://localhost:42209/__cypress/runner/cypress_runner.js:167415:23)\n    at Promise._settlePromiseFromHandler (http://localhost:42209/__cypress/runner/cypress_runner.js:165351:31)\n    at Promise._settlePromise (http://localhost:42209/__cypress/runner/cypress_runner.js:165408:18)\n    at Promise._settlePromise0 (http://localhost:42209/__cypress/runner/cypress_runner.js:165453:10)\n    at Promise._settlePromises (http://localhost:42209/__cypress/runner/cypress_runner.js:165528:18)\n    at Async../node_modules/bluebird/js/release/async.js.Async._drainQueue (http://localhost:42209/__cypress/runner/cypress_runner.js:162140:16)\n    at Async../node_modules/bluebird/js/release/async.js.Async._drainQueues (http://localhost:42209/__cypress/runner/cypress_runner.js:162150:10)\n    at Async.drainQueues (http://localhost:42209/__cypress/runner/cypress_runner.js:162024:14)",
                "diff": null
              },
              "uuid": "361c5d51-6643-4a07-9193-4749f769ea2b",
              "parentUUID": "9b4e0a2e-3fa5-4816-8be4-c076d38c720a",
              "isHook": false,
              "skipped": false
            },
            {
              "title": "Verifica se o quadro de pixels aparece abaixo da paleta de cores",
              "fullTitle": "4 - Adicione à página um quadro de pixels, com 25 pixels. Verifica se o quadro de pixels aparece abaixo da paleta de cores",
              "timedOut": null,
              "duration": 4333,
              "state": "failed",
              "speed": null,
              "pass": false,
              "fail": true,
              "pending": false,
              "context": null,
              "code": "cy.get('#color-palette').then(function (palette) {\n  cy.get('#pixel-board').should('be.belowOf', palette);\n});",
              "err": {
                "message": "CypressError: Timed out retrying: Expected to find element: '#color-palette', but never found it.",
                "estack": "CypressError: Timed out retrying: Expected to find element: '#color-palette', but never found it.\n    at cypressErr (http://localhost:42209/__cypress/runner/cypress_runner.js:149934:9)\n    at throwErr (http://localhost:42209/__cypress/runner/cypress_runner.js:149867:11)\n    at Object.throwErrByPath (http://localhost:42209/__cypress/runner/cypress_runner.js:149915:3)\n    at retry (http://localhost:42209/__cypress/runner/cypress_runner.js:144197:19)\n    at onFailFn (http://localhost:42209/__cypress/runner/cypress_runner.js:132448:16)\n    at tryCatcher (http://localhost:42209/__cypress/runner/cypress_runner.js:167415:23)\n    at Promise._settlePromiseFromHandler (http://localhost:42209/__cypress/runner/cypress_runner.js:165351:31)\n    at Promise._settlePromise (http://localhost:42209/__cypress/runner/cypress_runner.js:165408:18)\n    at Promise._settlePromise0 (http://localhost:42209/__cypress/runner/cypress_runner.js:165453:10)\n    at Promise._settlePromises (http://localhost:42209/__cypress/runner/cypress_runner.js:165528:18)\n    at Async../node_modules/bluebird/js/release/async.js.Async._drainQueue (http://localhost:42209/__cypress/runner/cypress_runner.js:162140:16)\n    at Async../node_modules/bluebird/js/release/async.js.Async._drainQueues (http://localhost:42209/__cypress/runner/cypress_runner.js:162150:10)\n    at Async.drainQueues (http://localhost:42209/__cypress/runner/cypress_runner.js:162024:14)",
                "diff": null
              },
              "uuid": "548bb7e6-43f5-4358-a2d6-349d881df1bd",
              "parentUUID": "9b4e0a2e-3fa5-4816-8be4-c076d38c720a",
              "isHook": false,
              "skipped": false
            }
          ],
          "suites": [],
          "passes": [],
          "failures": [
            "ce252cc4-cb3c-4d68-b291-407d29738467",
            "a4bc1b2f-ca45-4d21-be64-86c3a21989a5",
            "361c5d51-6643-4a07-9193-4749f769ea2b",
            "548bb7e6-43f5-4358-a2d6-349d881df1bd"
          ],
          "pending": [],
          "skipped": [],
          "duration": 17397,
          "root": false,
          "rootEmpty": false,
          "_timeout": 2000
        },
        {
          "uuid": "dbd0bdef-9c7e-44a9-bf23-e8ce0077710e",
          "title": "5 - Faça com que cada elemento do quadro de pixels possua 40 pixels de largura, 40 pixels de altura e seja delimitado por uma borda preta de 1 pixel.",
          "fullFile": "",
          "file": "",
          "beforeHooks": [],
          "afterHooks": [],
          "tests": [
            {
              "title": "Verifica se o quadro de pixels tem altura e comprimento de 5 elementos",
              "fullTitle": "5 - Faça com que cada elemento do quadro de pixels possua 40 pixels de largura, 40 pixels de altura e seja delimitado por uma borda preta de 1 pixel. Verifica se o quadro de pixels tem altura e comprimento de 5 elementos",
              "timedOut": null,
              "duration": 4420,
              "state": "failed",
              "speed": null,
              "pass": false,
              "fail": true,
              "pending": false,
              "context": null,
              "code": "cy.get('.pixel').should('have.length', 25).each(function (pixel) {\n  expect(pixel).to.have.css('background-color', WHITE);\n}).and(function (pixels) {\n  var rows = chunk(pixels, 5);\n  rows.forEach(function (row) {\n    for (var index = 1; index < row.length; index += 1) {\n      var current = pixels[index];\n      var previous = pixels[index - 1];\n      cy.wrap(current).should('be.onTheRightOf', previous).and('be.horizontallyAlignedWith', previous);\n    }\n  });\n  for (var index = 1; index < 5; index += 1) {\n    expect(pixels[index * 5]).to.be.belowOf(pixels[(index - 1) * 5]);\n  }\n});",
              "err": {
                "message": "CypressError: Timed out retrying: Expected to find element: '.pixel', but never found it.",
                "estack": "CypressError: Timed out retrying: Expected to find element: '.pixel', but never found it.\n    at cypressErr (http://localhost:42209/__cypress/runner/cypress_runner.js:149934:9)\n    at throwErr (http://localhost:42209/__cypress/runner/cypress_runner.js:149867:11)\n    at Object.throwErrByPath (http://localhost:42209/__cypress/runner/cypress_runner.js:149915:3)\n    at retry (http://localhost:42209/__cypress/runner/cypress_runner.js:144197:19)\n    at onFailFn (http://localhost:42209/__cypress/runner/cypress_runner.js:132448:16)\n    at tryCatcher (http://localhost:42209/__cypress/runner/cypress_runner.js:167415:23)\n    at Promise._settlePromiseFromHandler (http://localhost:42209/__cypress/runner/cypress_runner.js:165351:31)\n    at Promise._settlePromise (http://localhost:42209/__cypress/runner/cypress_runner.js:165408:18)\n    at Promise._settlePromise0 (http://localhost:42209/__cypress/runner/cypress_runner.js:165453:10)\n    at Promise._settlePromises (http://localhost:42209/__cypress/runner/cypress_runner.js:165528:18)\n    at Async../node_modules/bluebird/js/release/async.js.Async._drainQueue (http://localhost:42209/__cypress/runner/cypress_runner.js:162140:16)\n    at Async../node_modules/bluebird/js/release/async.js.Async._drainQueues (http://localhost:42209/__cypress/runner/cypress_runner.js:162150:10)\n    at Async.drainQueues (http://localhost:42209/__cypress/runner/cypress_runner.js:162024:14)",
                "diff": null
              },
              "uuid": "43b0466d-0375-4f12-9094-cd7b3c66f125",
              "parentUUID": "dbd0bdef-9c7e-44a9-bf23-e8ce0077710e",
              "isHook": false,
              "skipped": false
            },
            {
              "title": "Verifica se 40 pixels é o tamanho total do elemento, incluindo seu conteúdo e excluindo a borda preta, que deve ser criada à parte.",
              "fullTitle": "5 - Faça com que cada elemento do quadro de pixels possua 40 pixels de largura, 40 pixels de altura e seja delimitado por uma borda preta de 1 pixel. Verifica se 40 pixels é o tamanho total do elemento, incluindo seu conteúdo e excluindo a borda preta, que deve ser criada à parte.",
              "timedOut": null,
              "duration": 4333,
              "state": "failed",
              "speed": null,
              "pass": false,
              "fail": true,
              "pending": false,
              "context": null,
              "code": "cy.get('.pixel').each(function (pixel) {\n  cy.wrap(pixel).should('have.css', 'height', '40px').and('have.css', 'width', '40px').and('have.css', 'border', \"1px solid \".concat(BLACK));\n});",
              "err": {
                "message": "CypressError: Timed out retrying: Expected to find element: '.pixel', but never found it.",
                "estack": "CypressError: Timed out retrying: Expected to find element: '.pixel', but never found it.\n    at cypressErr (http://localhost:42209/__cypress/runner/cypress_runner.js:149934:9)\n    at throwErr (http://localhost:42209/__cypress/runner/cypress_runner.js:149867:11)\n    at Object.throwErrByPath (http://localhost:42209/__cypress/runner/cypress_runner.js:149915:3)\n    at retry (http://localhost:42209/__cypress/runner/cypress_runner.js:144197:19)\n    at onFailFn (http://localhost:42209/__cypress/runner/cypress_runner.js:132448:16)\n    at tryCatcher (http://localhost:42209/__cypress/runner/cypress_runner.js:167415:23)\n    at Promise._settlePromiseFromHandler (http://localhost:42209/__cypress/runner/cypress_runner.js:165351:31)\n    at Promise._settlePromise (http://localhost:42209/__cypress/runner/cypress_runner.js:165408:18)\n    at Promise._settlePromise0 (http://localhost:42209/__cypress/runner/cypress_runner.js:165453:10)\n    at Promise._settlePromises (http://localhost:42209/__cypress/runner/cypress_runner.js:165528:18)\n    at Async../node_modules/bluebird/js/release/async.js.Async._drainQueue (http://localhost:42209/__cypress/runner/cypress_runner.js:162140:16)\n    at Async../node_modules/bluebird/js/release/async.js.Async._drainQueues (http://localhost:42209/__cypress/runner/cypress_runner.js:162150:10)\n    at Async.drainQueues (http://localhost:42209/__cypress/runner/cypress_runner.js:162024:14)",
                "diff": null
              },
              "uuid": "30f0104c-187f-412b-9570-ca9ab36d2574",
              "parentUUID": "dbd0bdef-9c7e-44a9-bf23-e8ce0077710e",
              "isHook": false,
              "skipped": false
            }
          ],
          "suites": [],
          "passes": [],
          "failures": [
            "43b0466d-0375-4f12-9094-cd7b3c66f125",
            "30f0104c-187f-412b-9570-ca9ab36d2574"
          ],
          "pending": [],
          "skipped": [],
          "duration": 8753,
          "root": false,
          "rootEmpty": false,
          "_timeout": 2000
        },
        {
          "uuid": "a932f9d4-80ec-4420-931b-81fabbd19e88",
          "title": "6 - Defina a cor preta como cor inicial. Ao carregar a página a cor preta já deve estar selecionada para pintar os pixels",
          "fullFile": "",
          "file": "",
          "beforeHooks": [],
          "afterHooks": [],
          "tests": [
            {
              "title": "Verifica se o elemento da cor preta possui, inicialmente, a `classe` `selected`",
              "fullTitle": "6 - Defina a cor preta como cor inicial. Ao carregar a página a cor preta já deve estar selecionada para pintar os pixels Verifica se o elemento da cor preta possui, inicialmente, a `classe` `selected`",
              "timedOut": null,
              "duration": 4375,
              "state": "failed",
              "speed": null,
              "pass": false,
              "fail": true,
              "pending": false,
              "context": null,
              "code": "cy.get('.selected').first().should('have.css', 'background-color', BLACK);",
              "err": {
                "message": "CypressError: Timed out retrying: Expected to find element: '.selected', but never found it.",
                "estack": "CypressError: Timed out retrying: Expected to find element: '.selected', but never found it.\n    at cypressErr (http://localhost:42209/__cypress/runner/cypress_runner.js:149934:9)\n    at throwErr (http://localhost:42209/__cypress/runner/cypress_runner.js:149867:11)\n    at Object.throwErrByPath (http://localhost:42209/__cypress/runner/cypress_runner.js:149915:3)\n    at retry (http://localhost:42209/__cypress/runner/cypress_runner.js:144197:19)\n    at onFailFn (http://localhost:42209/__cypress/runner/cypress_runner.js:132448:16)\n    at tryCatcher (http://localhost:42209/__cypress/runner/cypress_runner.js:167415:23)\n    at Promise._settlePromiseFromHandler (http://localhost:42209/__cypress/runner/cypress_runner.js:165351:31)\n    at Promise._settlePromise (http://localhost:42209/__cypress/runner/cypress_runner.js:165408:18)\n    at Promise._settlePromise0 (http://localhost:42209/__cypress/runner/cypress_runner.js:165453:10)\n    at Promise._settlePromises (http://localhost:42209/__cypress/runner/cypress_runner.js:165528:18)\n    at Async../node_modules/bluebird/js/release/async.js.Async._drainQueue (http://localhost:42209/__cypress/runner/cypress_runner.js:162140:16)\n    at Async../node_modules/bluebird/js/release/async.js.Async._drainQueues (http://localhost:42209/__cypress/runner/cypress_runner.js:162150:10)\n    at Async.drainQueues (http://localhost:42209/__cypress/runner/cypress_runner.js:162024:14)",
                "diff": null
              },
              "uuid": "258c021f-fd1c-46fe-8cf8-dbc9804907a2",
              "parentUUID": "a932f9d4-80ec-4420-931b-81fabbd19e88",
              "isHook": false,
              "skipped": false
            },
            {
              "title": "Verifica se nenhuma outra cor da paleta tem a `classe` `selected`",
              "fullTitle": "6 - Defina a cor preta como cor inicial. Ao carregar a página a cor preta já deve estar selecionada para pintar os pixels Verifica se nenhuma outra cor da paleta tem a `classe` `selected`",
              "timedOut": null,
              "duration": 4372,
              "state": "failed",
              "speed": null,
              "pass": false,
              "fail": true,
              "pending": false,
              "context": null,
              "code": "cy.get('.color:not(:first-child)').each(function (color) {\n  cy.wrap(color).should('not.have.class', 'selected');\n});",
              "err": {
                "message": "CypressError: Timed out retrying: Expected to find element: '.color:not(:first-child)', but never found it.",
                "estack": "CypressError: Timed out retrying: Expected to find element: '.color:not(:first-child)', but never found it.\n    at cypressErr (http://localhost:42209/__cypress/runner/cypress_runner.js:149934:9)\n    at throwErr (http://localhost:42209/__cypress/runner/cypress_runner.js:149867:11)\n    at Object.throwErrByPath (http://localhost:42209/__cypress/runner/cypress_runner.js:149915:3)\n    at retry (http://localhost:42209/__cypress/runner/cypress_runner.js:144197:19)\n    at onFailFn (http://localhost:42209/__cypress/runner/cypress_runner.js:132448:16)\n    at tryCatcher (http://localhost:42209/__cypress/runner/cypress_runner.js:167415:23)\n    at Promise._settlePromiseFromHandler (http://localhost:42209/__cypress/runner/cypress_runner.js:165351:31)\n    at Promise._settlePromise (http://localhost:42209/__cypress/runner/cypress_runner.js:165408:18)\n    at Promise._settlePromise0 (http://localhost:42209/__cypress/runner/cypress_runner.js:165453:10)\n    at Promise._settlePromises (http://localhost:42209/__cypress/runner/cypress_runner.js:165528:18)\n    at Async../node_modules/bluebird/js/release/async.js.Async._drainQueue (http://localhost:42209/__cypress/runner/cypress_runner.js:162140:16)\n    at Async../node_modules/bluebird/js/release/async.js.Async._drainQueues (http://localhost:42209/__cypress/runner/cypress_runner.js:162150:10)\n    at Async.drainQueues (http://localhost:42209/__cypress/runner/cypress_runner.js:162024:14)",
                "diff": null
              },
              "uuid": "44b0654f-d62d-4690-96bc-5767c4d182e2",
              "parentUUID": "a932f9d4-80ec-4420-931b-81fabbd19e88",
              "isHook": false,
              "skipped": false
            }
          ],
          "suites": [],
          "passes": [],
          "failures": [
            "258c021f-fd1c-46fe-8cf8-dbc9804907a2",
            "44b0654f-d62d-4690-96bc-5767c4d182e2"
          ],
          "pending": [],
          "skipped": [],
          "duration": 8747,
          "root": false,
          "rootEmpty": false,
          "_timeout": 2000
        },
        {
          "uuid": "86cdb3ec-4a4d-4ee2-91fe-bc0de76a471b",
          "title": "7 - Clicar em uma das cores da paleta, faz com que ela seja selecionada e utilizada para preencher os pixels no quadro.",
          "fullFile": "",
          "file": "",
          "beforeHooks": [],
          "afterHooks": [],
          "tests": [
            {
              "title": "Verifica se somente uma cor da paleta de cores tem a classe `selected` de cada vez",
              "fullTitle": "7 - Clicar em uma das cores da paleta, faz com que ela seja selecionada e utilizada para preencher os pixels no quadro. Verifica se somente uma cor da paleta de cores tem a classe `selected` de cada vez",
              "timedOut": null,
              "duration": 4647,
              "state": "failed",
              "speed": null,
              "pass": false,
              "fail": true,
              "pending": false,
              "context": null,
              "code": "cy.get('.color').each(function (selectedColor, selectedColorIndex) {\n  cy.wrap(selectedColor).click();\n  cy.get('.color').each(function (color, colorIndex) {\n    if (colorIndex === selectedColorIndex) {\n      expect(color).to.have[\"class\"]('selected');\n    } else {\n      expect(color).not.to.have[\"class\"]('selected');\n    }\n  });\n});",
              "err": {
                "message": "CypressError: Timed out retrying: Expected to find element: '.color', but never found it.",
                "estack": "CypressError: Timed out retrying: Expected to find element: '.color', but never found it.\n    at cypressErr (http://localhost:42209/__cypress/runner/cypress_runner.js:149934:9)\n    at throwErr (http://localhost:42209/__cypress/runner/cypress_runner.js:149867:11)\n    at Object.throwErrByPath (http://localhost:42209/__cypress/runner/cypress_runner.js:149915:3)\n    at retry (http://localhost:42209/__cypress/runner/cypress_runner.js:144197:19)\n    at onFailFn (http://localhost:42209/__cypress/runner/cypress_runner.js:132448:16)\n    at tryCatcher (http://localhost:42209/__cypress/runner/cypress_runner.js:167415:23)\n    at Promise._settlePromiseFromHandler (http://localhost:42209/__cypress/runner/cypress_runner.js:165351:31)\n    at Promise._settlePromise (http://localhost:42209/__cypress/runner/cypress_runner.js:165408:18)\n    at Promise._settlePromise0 (http://localhost:42209/__cypress/runner/cypress_runner.js:165453:10)\n    at Promise._settlePromises (http://localhost:42209/__cypress/runner/cypress_runner.js:165528:18)\n    at Async../node_modules/bluebird/js/release/async.js.Async._drainQueue (http://localhost:42209/__cypress/runner/cypress_runner.js:162140:16)\n    at Async../node_modules/bluebird/js/release/async.js.Async._drainQueues (http://localhost:42209/__cypress/runner/cypress_runner.js:162150:10)\n    at Async.drainQueues (http://localhost:42209/__cypress/runner/cypress_runner.js:162024:14)",
                "diff": null
              },
              "uuid": "c624f1f7-4e1f-4eab-b7d7-cee0d22e8c7f",
              "parentUUID": "86cdb3ec-4a4d-4ee2-91fe-bc0de76a471b",
              "isHook": false,
              "skipped": false
            },
            {
              "title": "Verifica se os pixels dentro do quadro não têm a classe `selected` quando são clicados",
              "fullTitle": "7 - Clicar em uma das cores da paleta, faz com que ela seja selecionada e utilizada para preencher os pixels no quadro. Verifica se os pixels dentro do quadro não têm a classe `selected` quando são clicados",
              "timedOut": null,
              "duration": 4521,
              "state": "failed",
              "speed": null,
              "pass": false,
              "fail": true,
              "pending": false,
              "context": null,
              "code": "cy.get('.color').each(function (color) {\n  var backgroundColor = color.css('background-color');\n  cy.wrap(color).click();\n  cy.get('.pixel').each(function (pixel) {\n    cy.wrap(pixel).click().should('not.have.class', 'selected');\n  });\n});",
              "err": {
                "message": "CypressError: Timed out retrying: Expected to find element: '.color', but never found it.",
                "estack": "CypressError: Timed out retrying: Expected to find element: '.color', but never found it.\n    at cypressErr (http://localhost:42209/__cypress/runner/cypress_runner.js:149934:9)\n    at throwErr (http://localhost:42209/__cypress/runner/cypress_runner.js:149867:11)\n    at Object.throwErrByPath (http://localhost:42209/__cypress/runner/cypress_runner.js:149915:3)\n    at retry (http://localhost:42209/__cypress/runner/cypress_runner.js:144197:19)\n    at onFailFn (http://localhost:42209/__cypress/runner/cypress_runner.js:132448:16)\n    at tryCatcher (http://localhost:42209/__cypress/runner/cypress_runner.js:167415:23)\n    at Promise._settlePromiseFromHandler (http://localhost:42209/__cypress/runner/cypress_runner.js:165351:31)\n    at Promise._settlePromise (http://localhost:42209/__cypress/runner/cypress_runner.js:165408:18)\n    at Promise._settlePromise0 (http://localhost:42209/__cypress/runner/cypress_runner.js:165453:10)\n    at Promise._settlePromises (http://localhost:42209/__cypress/runner/cypress_runner.js:165528:18)\n    at Async../node_modules/bluebird/js/release/async.js.Async._drainQueue (http://localhost:42209/__cypress/runner/cypress_runner.js:162140:16)\n    at Async../node_modules/bluebird/js/release/async.js.Async._drainQueues (http://localhost:42209/__cypress/runner/cypress_runner.js:162150:10)\n    at Async.drainQueues (http://localhost:42209/__cypress/runner/cypress_runner.js:162024:14)",
                "diff": null
              },
              "uuid": "7f4707bf-0b85-4f07-a8ca-eaf0a2f17bb0",
              "parentUUID": "86cdb3ec-4a4d-4ee2-91fe-bc0de76a471b",
              "isHook": false,
              "skipped": false
            }
          ],
          "suites": [],
          "passes": [],
          "failures": [
            "c624f1f7-4e1f-4eab-b7d7-cee0d22e8c7f",
            "7f4707bf-0b85-4f07-a8ca-eaf0a2f17bb0"
          ],
          "pending": [],
          "skipped": [],
          "duration": 9168,
          "root": false,
          "rootEmpty": false,
          "_timeout": 2000
        },
        {
          "uuid": "07d9910f-ca45-46c8-b061-b8ba80ced75c",
          "title": "8 - Clicar em um pixel dentro do quadro após selecionar uma cor na paleta, faz com que o pixel seja preenchido com a cor selecionada.",
          "fullFile": "",
          "file": "",
          "beforeHooks": [],
          "afterHooks": [],
          "tests": [
            {
              "title": "Verifica se ao carregar a página deve ser possível pintar os pixels de preto",
              "fullTitle": "8 - Clicar em um pixel dentro do quadro após selecionar uma cor na paleta, faz com que o pixel seja preenchido com a cor selecionada. Verifica se ao carregar a página deve ser possível pintar os pixels de preto",
              "timedOut": null,
              "duration": 4633,
              "state": "failed",
              "speed": null,
              "pass": false,
              "fail": true,
              "pending": false,
              "context": null,
              "code": "cy.get('.pixel').each(function (pixel) {\n  cy.wrap(pixel).click().should('have.css', 'background-color', BLACK);\n});",
              "err": {
                "message": "CypressError: Timed out retrying: Expected to find element: '.pixel', but never found it.",
                "estack": "CypressError: Timed out retrying: Expected to find element: '.pixel', but never found it.\n    at cypressErr (http://localhost:42209/__cypress/runner/cypress_runner.js:149934:9)\n    at throwErr (http://localhost:42209/__cypress/runner/cypress_runner.js:149867:11)\n    at Object.throwErrByPath (http://localhost:42209/__cypress/runner/cypress_runner.js:149915:3)\n    at retry (http://localhost:42209/__cypress/runner/cypress_runner.js:144197:19)\n    at onFailFn (http://localhost:42209/__cypress/runner/cypress_runner.js:132448:16)\n    at tryCatcher (http://localhost:42209/__cypress/runner/cypress_runner.js:167415:23)\n    at Promise._settlePromiseFromHandler (http://localhost:42209/__cypress/runner/cypress_runner.js:165351:31)\n    at Promise._settlePromise (http://localhost:42209/__cypress/runner/cypress_runner.js:165408:18)\n    at Promise._settlePromise0 (http://localhost:42209/__cypress/runner/cypress_runner.js:165453:10)\n    at Promise._settlePromises (http://localhost:42209/__cypress/runner/cypress_runner.js:165528:18)\n    at Async../node_modules/bluebird/js/release/async.js.Async._drainQueue (http://localhost:42209/__cypress/runner/cypress_runner.js:162140:16)\n    at Async../node_modules/bluebird/js/release/async.js.Async._drainQueues (http://localhost:42209/__cypress/runner/cypress_runner.js:162150:10)\n    at Async.drainQueues (http://localhost:42209/__cypress/runner/cypress_runner.js:162024:14)",
                "diff": null
              },
              "uuid": "ebc9afa4-e99e-45bc-a8bc-337083a5ca41",
              "parentUUID": "07d9910f-ca45-46c8-b061-b8ba80ced75c",
              "isHook": false,
              "skipped": false
            },
            {
              "title": "Verifica se após selecionar uma outra cor na paleta, é possível pintar os pixels com essa cor",
              "fullTitle": "8 - Clicar em um pixel dentro do quadro após selecionar uma cor na paleta, faz com que o pixel seja preenchido com a cor selecionada. Verifica se após selecionar uma outra cor na paleta, é possível pintar os pixels com essa cor",
              "timedOut": null,
              "duration": 4639,
              "state": "failed",
              "speed": null,
              "pass": false,
              "fail": true,
              "pending": false,
              "context": null,
              "code": "cy.get('.color').each(function (color) {\n  var backgroundColor = color.css('background-color');\n  cy.wrap(color).click();\n  cy.get('.pixel').each(function (pixel) {\n    cy.wrap(pixel).click().should('have.css', 'background-color', backgroundColor);\n  });\n});",
              "err": {
                "message": "CypressError: Timed out retrying: Expected to find element: '.color', but never found it.",
                "estack": "CypressError: Timed out retrying: Expected to find element: '.color', but never found it.\n    at cypressErr (http://localhost:42209/__cypress/runner/cypress_runner.js:149934:9)\n    at throwErr (http://localhost:42209/__cypress/runner/cypress_runner.js:149867:11)\n    at Object.throwErrByPath (http://localhost:42209/__cypress/runner/cypress_runner.js:149915:3)\n    at retry (http://localhost:42209/__cypress/runner/cypress_runner.js:144197:19)\n    at onFailFn (http://localhost:42209/__cypress/runner/cypress_runner.js:132448:16)\n    at tryCatcher (http://localhost:42209/__cypress/runner/cypress_runner.js:167415:23)\n    at Promise._settlePromiseFromHandler (http://localhost:42209/__cypress/runner/cypress_runner.js:165351:31)\n    at Promise._settlePromise (http://localhost:42209/__cypress/runner/cypress_runner.js:165408:18)\n    at Promise._settlePromise0 (http://localhost:42209/__cypress/runner/cypress_runner.js:165453:10)\n    at Promise._settlePromises (http://localhost:42209/__cypress/runner/cypress_runner.js:165528:18)\n    at Async../node_modules/bluebird/js/release/async.js.Async._drainQueue (http://localhost:42209/__cypress/runner/cypress_runner.js:162140:16)\n    at Async../node_modules/bluebird/js/release/async.js.Async._drainQueues (http://localhost:42209/__cypress/runner/cypress_runner.js:162150:10)\n    at Async.drainQueues (http://localhost:42209/__cypress/runner/cypress_runner.js:162024:14)",
                "diff": null
              },
              "uuid": "4aa7d5da-d284-4b30-bdd3-ef94c3b3fb47",
              "parentUUID": "07d9910f-ca45-46c8-b061-b8ba80ced75c",
              "isHook": false,
              "skipped": false
            },
            {
              "title": "Verifica se somente o pixel que foi clicado foi preenchido com a cor selecionada, sem influenciar na cor dos demais pixels.",
              "fullTitle": "8 - Clicar em um pixel dentro do quadro após selecionar uma cor na paleta, faz com que o pixel seja preenchido com a cor selecionada. Verifica se somente o pixel que foi clicado foi preenchido com a cor selecionada, sem influenciar na cor dos demais pixels.",
              "timedOut": null,
              "duration": 4673,
              "state": "failed",
              "speed": null,
              "pass": false,
              "fail": true,
              "pending": false,
              "context": null,
              "code": "var colorToPixelIndexMap = {\n  0: 6,\n  1: 8,\n  2: 16,\n  3: 18\n};\ncy.get('.color').each(function (color, index) {\n  cy.wrap(color).click();\n  var backgroundColor = color.css('background-color');\n  var clickedPixelIndex = colorToPixelIndexMap[index];\n  cy.get('.pixel').eq(clickedPixelIndex).click();\n  cy.get('.pixel').eq(clickedPixelIndex - 1).should('not.have.css', 'background-color', backgroundColor);\n  cy.get('.pixel').eq(clickedPixelIndex + 1).should('not.have.css', 'background-color', backgroundColor);\n  cy.get('.pixel').eq(clickedPixelIndex - 5).should('not.have.css', 'background-color', backgroundColor);\n  cy.get('.pixel').eq(clickedPixelIndex + 5).should('not.have.css', 'background-color', backgroundColor);\n  cy.get('.pixel').eq(clickedPixelIndex - 6).should('not.have.css', 'background-color', backgroundColor);\n  cy.get('.pixel').eq(clickedPixelIndex - 4).should('not.have.css', 'background-color', backgroundColor);\n  cy.get('.pixel').eq(clickedPixelIndex + 4).should('not.have.css', 'background-color', backgroundColor);\n  cy.get('.pixel').eq(clickedPixelIndex + 6).should('not.have.css', 'background-color', backgroundColor);\n});",
              "err": {
                "message": "CypressError: Timed out retrying: Expected to find element: '.color', but never found it.",
                "estack": "CypressError: Timed out retrying: Expected to find element: '.color', but never found it.\n    at cypressErr (http://localhost:42209/__cypress/runner/cypress_runner.js:149934:9)\n    at throwErr (http://localhost:42209/__cypress/runner/cypress_runner.js:149867:11)\n    at Object.throwErrByPath (http://localhost:42209/__cypress/runner/cypress_runner.js:149915:3)\n    at retry (http://localhost:42209/__cypress/runner/cypress_runner.js:144197:19)\n    at onFailFn (http://localhost:42209/__cypress/runner/cypress_runner.js:132448:16)\n    at tryCatcher (http://localhost:42209/__cypress/runner/cypress_runner.js:167415:23)\n    at Promise._settlePromiseFromHandler (http://localhost:42209/__cypress/runner/cypress_runner.js:165351:31)\n    at Promise._settlePromise (http://localhost:42209/__cypress/runner/cypress_runner.js:165408:18)\n    at Promise._settlePromise0 (http://localhost:42209/__cypress/runner/cypress_runner.js:165453:10)\n    at Promise._settlePromises (http://localhost:42209/__cypress/runner/cypress_runner.js:165528:18)\n    at Async../node_modules/bluebird/js/release/async.js.Async._drainQueue (http://localhost:42209/__cypress/runner/cypress_runner.js:162140:16)\n    at Async../node_modules/bluebird/js/release/async.js.Async._drainQueues (http://localhost:42209/__cypress/runner/cypress_runner.js:162150:10)\n    at Async.drainQueues (http://localhost:42209/__cypress/runner/cypress_runner.js:162024:14)",
                "diff": null
              },
              "uuid": "6b06fb10-2ca0-44e1-bc37-5db63d163e93",
              "parentUUID": "07d9910f-ca45-46c8-b061-b8ba80ced75c",
              "isHook": false,
              "skipped": false
            }
          ],
          "suites": [],
          "passes": [],
          "failures": [
            "ebc9afa4-e99e-45bc-a8bc-337083a5ca41",
            "4aa7d5da-d284-4b30-bdd3-ef94c3b3fb47",
            "6b06fb10-2ca0-44e1-bc37-5db63d163e93"
          ],
          "pending": [],
          "skipped": [],
          "duration": 13945,
          "root": false,
          "rootEmpty": false,
          "_timeout": 2000
        },
        {
          "uuid": "7c66bf12-4284-4817-a654-2fdcda667809",
          "title": "9 - Crie um botão que, ao ser clicado, limpa o quadro preenchendo a cor de todos seus pixels com branco.",
          "fullFile": "",
          "file": "",
          "beforeHooks": [],
          "afterHooks": [],
          "tests": [
            {
              "title": "Verifica se o botão tem o `id` denominado `clear-board`",
              "fullTitle": "9 - Crie um botão que, ao ser clicado, limpa o quadro preenchendo a cor de todos seus pixels com branco. Verifica se o botão tem o `id` denominado `clear-board`",
              "timedOut": null,
              "duration": 4687,
              "state": "failed",
              "speed": null,
              "pass": false,
              "fail": true,
              "pending": false,
              "context": null,
              "code": "cy.get('#clear-board').should('be.visible');",
              "err": {
                "message": "CypressError: Timed out retrying: Expected to find element: '#clear-board', but never found it.",
                "estack": "CypressError: Timed out retrying: Expected to find element: '#clear-board', but never found it.\n    at cypressErr (http://localhost:42209/__cypress/runner/cypress_runner.js:149934:9)\n    at throwErr (http://localhost:42209/__cypress/runner/cypress_runner.js:149867:11)\n    at Object.throwErrByPath (http://localhost:42209/__cypress/runner/cypress_runner.js:149915:3)\n    at retry (http://localhost:42209/__cypress/runner/cypress_runner.js:144197:19)\n    at onFailFn (http://localhost:42209/__cypress/runner/cypress_runner.js:132448:16)\n    at tryCatcher (http://localhost:42209/__cypress/runner/cypress_runner.js:167415:23)\n    at Promise._settlePromiseFromHandler (http://localhost:42209/__cypress/runner/cypress_runner.js:165351:31)\n    at Promise._settlePromise (http://localhost:42209/__cypress/runner/cypress_runner.js:165408:18)\n    at Promise._settlePromise0 (http://localhost:42209/__cypress/runner/cypress_runner.js:165453:10)\n    at Promise._settlePromises (http://localhost:42209/__cypress/runner/cypress_runner.js:165528:18)\n    at Async../node_modules/bluebird/js/release/async.js.Async._drainQueue (http://localhost:42209/__cypress/runner/cypress_runner.js:162140:16)\n    at Async../node_modules/bluebird/js/release/async.js.Async._drainQueues (http://localhost:42209/__cypress/runner/cypress_runner.js:162150:10)\n    at Async.drainQueues (http://localhost:42209/__cypress/runner/cypress_runner.js:162024:14)",
                "diff": null
              },
              "uuid": "679c3b9e-9173-4a25-aefd-81aa08551bde",
              "parentUUID": "7c66bf12-4284-4817-a654-2fdcda667809",
              "isHook": false,
              "skipped": false
            },
            {
              "title": "Verifica se o botão está posicionado entre a paleta de cores e o quadro de pixels",
              "fullTitle": "9 - Crie um botão que, ao ser clicado, limpa o quadro preenchendo a cor de todos seus pixels com branco. Verifica se o botão está posicionado entre a paleta de cores e o quadro de pixels",
              "timedOut": null,
              "duration": 4698,
              "state": "failed",
              "speed": null,
              "pass": false,
              "fail": true,
              "pending": false,
              "context": null,
              "code": "cy.get('#color-palette').then(function (palette) {\n  cy.get('#clear-board').should('be.belowOf', palette);\n});\ncy.get('#clear-board').then(function (clearBtn) {\n  cy.get('#pixel-board').should('be.belowOf', clearBtn);\n});",
              "err": {
                "message": "CypressError: Timed out retrying: Expected to find element: '#color-palette', but never found it.",
                "estack": "CypressError: Timed out retrying: Expected to find element: '#color-palette', but never found it.\n    at cypressErr (http://localhost:42209/__cypress/runner/cypress_runner.js:149934:9)\n    at throwErr (http://localhost:42209/__cypress/runner/cypress_runner.js:149867:11)\n    at Object.throwErrByPath (http://localhost:42209/__cypress/runner/cypress_runner.js:149915:3)\n    at retry (http://localhost:42209/__cypress/runner/cypress_runner.js:144197:19)\n    at onFailFn (http://localhost:42209/__cypress/runner/cypress_runner.js:132448:16)\n    at tryCatcher (http://localhost:42209/__cypress/runner/cypress_runner.js:167415:23)\n    at Promise._settlePromiseFromHandler (http://localhost:42209/__cypress/runner/cypress_runner.js:165351:31)\n    at Promise._settlePromise (http://localhost:42209/__cypress/runner/cypress_runner.js:165408:18)\n    at Promise._settlePromise0 (http://localhost:42209/__cypress/runner/cypress_runner.js:165453:10)\n    at Promise._settlePromises (http://localhost:42209/__cypress/runner/cypress_runner.js:165528:18)\n    at Async../node_modules/bluebird/js/release/async.js.Async._drainQueue (http://localhost:42209/__cypress/runner/cypress_runner.js:162140:16)\n    at Async../node_modules/bluebird/js/release/async.js.Async._drainQueues (http://localhost:42209/__cypress/runner/cypress_runner.js:162150:10)\n    at Async.drainQueues (http://localhost:42209/__cypress/runner/cypress_runner.js:162024:14)",
                "diff": null
              },
              "uuid": "a4e3f308-0be9-43f3-a7cc-29ab1ecdf8c2",
              "parentUUID": "7c66bf12-4284-4817-a654-2fdcda667809",
              "isHook": false,
              "skipped": false
            },
            {
              "title": "Verifica se o texto do botão é 'Limpar'",
              "fullTitle": "9 - Crie um botão que, ao ser clicado, limpa o quadro preenchendo a cor de todos seus pixels com branco. Verifica se o texto do botão é 'Limpar'",
              "timedOut": null,
              "duration": 4641,
              "state": "failed",
              "speed": null,
              "pass": false,
              "fail": true,
              "pending": false,
              "context": null,
              "code": "cy.get('#clear-board').should('contain.text', 'Limpar');",
              "err": {
                "message": "CypressError: Timed out retrying: Expected to find element: '#clear-board', but never found it.",
                "estack": "CypressError: Timed out retrying: Expected to find element: '#clear-board', but never found it.\n    at cypressErr (http://localhost:42209/__cypress/runner/cypress_runner.js:149934:9)\n    at throwErr (http://localhost:42209/__cypress/runner/cypress_runner.js:149867:11)\n    at Object.throwErrByPath (http://localhost:42209/__cypress/runner/cypress_runner.js:149915:3)\n    at retry (http://localhost:42209/__cypress/runner/cypress_runner.js:144197:19)\n    at onFailFn (http://localhost:42209/__cypress/runner/cypress_runner.js:132448:16)\n    at tryCatcher (http://localhost:42209/__cypress/runner/cypress_runner.js:167415:23)\n    at Promise._settlePromiseFromHandler (http://localhost:42209/__cypress/runner/cypress_runner.js:165351:31)\n    at Promise._settlePromise (http://localhost:42209/__cypress/runner/cypress_runner.js:165408:18)\n    at Promise._settlePromise0 (http://localhost:42209/__cypress/runner/cypress_runner.js:165453:10)\n    at Promise._settlePromises (http://localhost:42209/__cypress/runner/cypress_runner.js:165528:18)\n    at Async../node_modules/bluebird/js/release/async.js.Async._drainQueue (http://localhost:42209/__cypress/runner/cypress_runner.js:162140:16)\n    at Async../node_modules/bluebird/js/release/async.js.Async._drainQueues (http://localhost:42209/__cypress/runner/cypress_runner.js:162150:10)\n    at Async.drainQueues (http://localhost:42209/__cypress/runner/cypress_runner.js:162024:14)",
                "diff": null
              },
              "uuid": "0a2ce6a8-79b4-40fa-941f-97c464f55506",
              "parentUUID": "7c66bf12-4284-4817-a654-2fdcda667809",
              "isHook": false,
              "skipped": false
            },
            {
              "title": "Verifica se ao clicar no botão, o quadro de pixels é totalmente preenchido de branco",
              "fullTitle": "9 - Crie um botão que, ao ser clicado, limpa o quadro preenchendo a cor de todos seus pixels com branco. Verifica se ao clicar no botão, o quadro de pixels é totalmente preenchido de branco",
              "timedOut": null,
              "duration": 4521,
              "state": "failed",
              "speed": null,
              "pass": false,
              "fail": true,
              "pending": false,
              "context": null,
              "code": "cy.get('.color').eq(1).then(function (color) {\n  var backgroundColor = color.css('background-color');\n  cy.wrap(color).click();\n  cy.get('.pixel').each(function (pixel) {\n    cy.wrap(pixel).click().should('have.css', 'background-color', backgroundColor);\n  });\n});\ncy.get('#clear-board').click();\ncy.get('.pixel').each(function (pixel) {\n  cy.wrap(pixel).should('have.css', 'background-color', WHITE);\n});",
              "err": {
                "message": "CypressError: Timed out retrying: Expected to find element: '.color', but never found it.",
                "estack": "CypressError: Timed out retrying: Expected to find element: '.color', but never found it.\n    at cypressErr (http://localhost:42209/__cypress/runner/cypress_runner.js:149934:9)\n    at throwErr (http://localhost:42209/__cypress/runner/cypress_runner.js:149867:11)\n    at Object.throwErrByPath (http://localhost:42209/__cypress/runner/cypress_runner.js:149915:3)\n    at retry (http://localhost:42209/__cypress/runner/cypress_runner.js:144197:19)\n    at onFailFn (http://localhost:42209/__cypress/runner/cypress_runner.js:132448:16)\n    at tryCatcher (http://localhost:42209/__cypress/runner/cypress_runner.js:167415:23)\n    at Promise._settlePromiseFromHandler (http://localhost:42209/__cypress/runner/cypress_runner.js:165351:31)\n    at Promise._settlePromise (http://localhost:42209/__cypress/runner/cypress_runner.js:165408:18)\n    at Promise._settlePromise0 (http://localhost:42209/__cypress/runner/cypress_runner.js:165453:10)\n    at Promise._settlePromises (http://localhost:42209/__cypress/runner/cypress_runner.js:165528:18)\n    at Async../node_modules/bluebird/js/release/async.js.Async._drainQueue (http://localhost:42209/__cypress/runner/cypress_runner.js:162140:16)\n    at Async../node_modules/bluebird/js/release/async.js.Async._drainQueues (http://localhost:42209/__cypress/runner/cypress_runner.js:162150:10)\n    at Async.drainQueues (http://localhost:42209/__cypress/runner/cypress_runner.js:162024:14)",
                "diff": null
              },
              "uuid": "13b592af-9b4f-41c1-ae34-82d7e51dc321",
              "parentUUID": "7c66bf12-4284-4817-a654-2fdcda667809",
              "isHook": false,
              "skipped": false
            }
          ],
          "suites": [],
          "passes": [],
          "failures": [
            "679c3b9e-9173-4a25-aefd-81aa08551bde",
            "a4e3f308-0be9-43f3-a7cc-29ab1ecdf8c2",
            "0a2ce6a8-79b4-40fa-941f-97c464f55506",
            "13b592af-9b4f-41c1-ae34-82d7e51dc321"
          ],
          "pending": [],
          "skipped": [],
          "duration": 18547,
          "root": false,
          "rootEmpty": false,
          "_timeout": 2000
        },
        {
          "uuid": "496931cd-61db-4568-8942-2caf0a5d0fe3",
          "title": "10 - Faça o quadro de pixels ter seu tamanho definido pelo usuário.",
          "fullFile": "",
          "file": "",
          "beforeHooks": [],
          "afterHooks": [],
          "tests": [
            {
              "title": "Verifica se existe um input com o id `board-size`",
              "fullTitle": "10 - Faça o quadro de pixels ter seu tamanho definido pelo usuário. Verifica se existe um input com o id `board-size`",
              "timedOut": null,
              "duration": 4747,
              "state": "failed",
              "speed": null,
              "pass": false,
              "fail": true,
              "pending": false,
              "context": null,
              "code": "cy.get('#board-size').should('be.visible');",
              "err": {
                "message": "CypressError: Timed out retrying: Expected to find element: '#board-size', but never found it.",
[...]
                "diff": null
              },
              "uuid": "f3d31cdb-5444-404e-b10a-cb7ebff338ea",
              "parentUUID": "496931cd-61db-4568-8942-2caf0a5d0fe3",
              "isHook": false,
              "skipped": false
            },
            {
              "title": "Verifica se o novo quadro tem todos os pixels preenchidos com a cor branca",
              "fullTitle": "10 - Faça o quadro de pixels ter seu tamanho definido pelo usuário. Verifica se o novo quadro tem todos os pixels preenchidos com a cor branca",
              "timedOut": null,
              "duration": 4556,
              "state": "failed",
              "speed": null,
              "pass": false,
              "fail": true,
              "pending": false,
              "context": null,
              "code": "cy.get('#board-size').clear().type(6);\ncy.get('#generate-board').click();\ncy.get('.pixel').should('have.length', 36).each(function (pixel) {\n  expect(pixel).to.have.css('background-color', WHITE);\n});",
              "err": {
                "message": "CypressError: Timed out retrying: Expected to find element: '#board-size', but never found it.",
                "estack": "CypressError: Timed out retrying: Expected to find element: '#board-size', but never found it.\n    at cypressErr (http://localhost:42209/__cypress/runner/cypress_runner.js:149934:9)\n    at throwErr (http://localhost:42209/__cypress/runner/cypress_runner.js:149867:11)\n    at Object.throwErrByPath (http://localhost:42209/__cypress/runner/cypress_runner.js:149915:3)\n    at retry (http://localhost:42209/__cypress/runner/cypress_runner.js:144197:19)\n    at onFailFn (http://localhost:42209/__cypress/runner/cypress_runner.js:132448:16)\n    at tryCatcher (http://localhost:42209/__cypress/runner/cypress_runner.js:167415:23)\n    at Promise._settlePromiseFromHandler (http://localhost:42209/__cypress/runner/cypress_runner.js:165351:31)\n    at Promise._settlePromise (http://localhost:42209/__cypress/runner/cypress_runner.js:165408:18)\n    at Promise._settlePromise0 (http://localhost:42209/__cypress/runner/cypress_runner.js:165453:10)\n    at Promise._settlePromises (http://localhost:42209/__cypress/runner/cypress_runner.js:165528:18)\n    at Async../node_modules/bluebird/js/release/async.js.Async._drainQueue (http://localhost:42209/__cypress/runner/cypress_runner.js:162140:16)\n    at Async../node_modules/bluebird/js/release/async.js.Async._drainQueues (http://localhost:42209/__cypress/runner/cypress_runner.js:162150:10)\n    at Async.drainQueues (http://localhost:42209/__cypress/runner/cypress_runner.js:162024:14)",
                "diff": null
              },
              "uuid": "e29993d4-ccb3-4ce0-b185-c2f5eb9bbd57",
              "parentUUID": "496931cd-61db-4568-8942-2caf0a5d0fe3",
              "isHook": false,
              "skipped": false
            }
          ],
          "suites": [],
          "passes": [],
          "failures": [
            "bbd3fb32-9876-40aa-8f72-4df1287173b4",
            "c0d0ace1-c69b-42f1-b911-91df9ae7f0d1",
            "2c679f14-f844-4a04-85ca-bab9a78c4e02",
            "9a1d2060-2ccb-47ec-ab77-f05d91355daa",
            "b6622696-af52-4af1-b020-9fe9e38b30aa",
            "8956b9ae-a1d3-43cb-ac21-7445a6e3ff5e",
            "89711529-4148-4e13-b8ff-e96935fd105e",
            "f3d31cdb-5444-404e-b10a-cb7ebff338ea",
            "e29993d4-ccb3-4ce0-b185-c2f5eb9bbd57"
          ],
          "pending": [],
          "skipped": [],
          "duration": 41021,
          "root": false,
          "rootEmpty": false,
          "_timeout": 2000
        },
        {
          "uuid": "3555f33c-734f-461b-8eb6-c6d2dca2af43",
          "title": "11 - Limite o tamanho mínimo e máximo do board.",
          "fullFile": "",
          "file": "",
          "beforeHooks": [],
          "afterHooks": [],
          "tests": [
            {
              "title": "Verifica se a altura máxima do board é 50",
              "fullTitle": "11 - Limite o tamanho mínimo e máximo do board. Verifica se a altura máxima do board é 50",
              "timedOut": null,
              "duration": 4753,
              "state": "failed",
              "speed": null,
              "pass": false,
              "fail": true,
              "pending": false,
              "context": null,
              "code": "cy.get('#board-size').clear().type(50);\ncy.get('#generate-board').click();\ncy.get('.pixel').should('have.length', 2500);",
              "err": {
                "message": "CypressError: Timed out retrying: Expected to find element: '#board-size', but never found it.",
                "estack": "CypressError: Timed out retrying: Expected to find element: '#board-size', but never found it.\n    at cypressErr (http://localhost:42209/__cypress/runner/cypress_runner.js:149934:9)\n    at throwErr (http://localhost:42209/__cypress/runner/cypress_runner.js:149867:11)\n    at Object.throwErrByPath (http://localhost:42209/__cypress/runner/cypress_runner.js:149915:3)\n    at retry (http://localhost:42209/__cypress/runner/cypress_runner.js:144197:19)\n    at onFailFn (http://localhost:42209/__cypress/runner/cypress_runner.js:132448:16)\n    at tryCatcher (http://localhost:42209/__cypress/runner/cypress_runner.js:167415:23)\n    at Promise._settlePromiseFromHandler (http://localhost:42209/__cypress/runner/cypress_runner.js:165351:31)\n    at Promise._settlePromise (http://localhost:42209/__cypress/runner/cypress_runner.js:165408:18)\n    at Promise._settlePromise0 (http://localhost:42209/__cypress/runner/cypress_runner.js:165453:10)\n    at Promise._settlePromises (http://localhost:42209/__cypress/runner/cypress_runner.js:165528:18)\n    at Async../node_modules/bluebird/js/release/async.js.Async._drainQueue (http://localhost:42209/__cypress/runner/cypress_runner.js:162140:16)\n    at Async../node_modules/bluebird/js/release/async.js.Async._drainQueues (http://localhost:42209/__cypress/runner/cypress_runner.js:162150:10)\n    at Async.drainQueues (http://localhost:42209/__cypress/runner/cypress_runner.js:162024:14)",
                "diff": null
              },
              "uuid": "2d915768-0bcc-4caf-8149-934dd7cdbb51",
              "parentUUID": "3555f33c-734f-461b-8eb6-c6d2dca2af43",
              "isHook": false,
              "skipped": false
            },
            {
              "title": "Verifica se a altura do board é 5 quando um valor menor é colocado no input",
              "fullTitle": "11 - Limite o tamanho mínimo e máximo do board. Verifica se a altura do board é 5 quando um valor menor é colocado no input",
              "timedOut": null,
              "duration": 4551,
              "state": "failed",
              "speed": null,
              "pass": false,
              "fail": true,
              "pending": false,
              "context": null,
              "code": "cy.get('#board-size').clear().type(4);\ncy.get('#generate-board').click();\ncy.get('.pixel').should('have.length', 25);",
              "err": {
                "message": "CypressError: Timed out retrying: Expected to find element: '#board-size', but never found it.",
                "estack": "CypressError: Timed out retrying: Expected to find element: '#board-size', but never found it.\n    at cypressErr (http://localhost:42209/__cypress/runner/cypress_runner.js:149934:9)\n    at throwErr (http://localhost:42209/__cypress/runner/cypress_runner.js:149867:11)\n    at Object.throwErrByPath (http://localhost:42209/__cypress/runner/cypress_runner.js:149915:3)\n    at retry (http://localhost:42209/__cypress/runner/cypress_runner.js:144197:19)\n    at onFailFn (http://localhost:42209/__cypress/runner/cypress_runner.js:132448:16)\n    at tryCatcher (http://localhost:42209/__cypress/runner/cypress_runner.js:167415:23)\n    at Promise._settlePromiseFromHandler (http://localhost:42209/__cypress/runner/cypress_runner.js:165351:31)\n    at Promise._settlePromise (http://localhost:42209/__cypress/runner/cypress_runner.js:165408:18)\n    at Promise._settlePromise0 (http://localhost:42209/__cypress/runner/cypress_runner.js:165453:10)\n    at Promise._settlePromises (http://localhost:42209/__cypress/runner/cypress_runner.js:165528:18)\n    at Async../node_modules/bluebird/js/release/async.js.Async._drainQueue (http://localhost:42209/__cypress/runner/cypress_runner.js:162140:16)\n    at Async../node_modules/bluebird/js/release/async.js.Async._drainQueues (http://localhost:42209/__cypress/runner/cypress_runner.js:162150:10)\n    at Async.drainQueues (http://localhost:42209/__cypress/runner/cypress_runner.js:162024:14)",
                "diff": null
              },
              "uuid": "29ec9a5b-2e5b-44eb-9180-470da604921e",
              "parentUUID": "3555f33c-734f-461b-8eb6-c6d2dca2af43",
              "isHook": false,
              "skipped": false
            },
            {
              "title": "Verifica se a altura do board é 50 quando um valor maior é colocado no input",
              "fullTitle": "11 - Limite o tamanho mínimo e máximo do board. Verifica se a altura do board é 50 quando um valor maior é colocado no input",
              "timedOut": null,
              "duration": 4567,
              "state": "failed",
              "speed": null,
              "pass": false,
              "fail": true,
              "pending": false,
              "context": null,
              "code": "cy.get('#board-size').clear().type(51);\ncy.get('#generate-board').click();\ncy.get('.pixel').should('have.length', 2500);",
              "err": {
                "message": "CypressError: Timed out retrying: Expected to find element: '#board-size', but never found it.",
                "estack": "CypressError: Timed out retrying: Expected to find element: '#board-size', but never found it.\n    at cypressErr (http://localhost:42209/__cypress/runner/cypress_runner.js:149934:9)\n    at throwErr (http://localhost:42209/__cypress/runner/cypress_runner.js:149867:11)\n    at Object.throwErrByPath (http://localhost:42209/__cypress/runner/cypress_runner.js:149915:3)\n    at retry (http://localhost:42209/__cypress/runner/cypress_runner.js:144197:19)\n    at onFailFn (http://localhost:42209/__cypress/runner/cypress_runner.js:132448:16)\n    at tryCatcher (http://localhost:42209/__cypress/runner/cypress_runner.js:167415:23)\n    at Promise._settlePromiseFromHandler (http://localhost:42209/__cypress/runner/cypress_runner.js:165351:31)\n    at Promise._settlePromise (http://localhost:42209/__cypress/runner/cypress_runner.js:165408:18)\n    at Promise._settlePromise0 (http://localhost:42209/__cypress/runner/cypress_runner.js:165453:10)\n    at Promise._settlePromises (http://localhost:42209/__cypress/runner/cypress_runner.js:165528:18)\n    at Async../node_modules/bluebird/js/release/async.js.Async._drainQueue (http://localhost:42209/__cypress/runner/cypress_runner.js:162140:16)\n    at Async../node_modules/bluebird/js/release/async.js.Async._drainQueues (http://localhost:42209/__cypress/runner/cypress_runner.js:162150:10)\n    at Async.drainQueues (http://localhost:42209/__cypress/runner/cypress_runner.js:162024:14)",
                "diff": null
              },
              "uuid": "74f8771d-67b1-4079-9896-7ab013c1781a",
              "parentUUID": "3555f33c-734f-461b-8eb6-c6d2dca2af43",
              "isHook": false,
              "skipped": false
            }
          ],
          "suites": [],
          "passes": [],
          "failures": [
            "2d915768-0bcc-4caf-8149-934dd7cdbb51",
            "29ec9a5b-2e5b-44eb-9180-470da604921e",
            "74f8771d-67b1-4079-9896-7ab013c1781a"
          ],
          "pending": [],
          "skipped": [],
          "duration": 13871,
          "root": false,
          "rootEmpty": false,
          "_timeout": 2000
        },
        {
          "uuid": "15b0d4e1-c18c-4be4-8aa3-2345029d6792",
          "title": "12 - Faça com que as cores da paleta sejam geradas aleatoriamente ao carregar a página.",
          "fullFile": "",
          "file": "",
          "beforeHooks": [],
          "afterHooks": [],
          "tests": [
            {
              "title": "Verifica se as cores geradas na paleta são diferentes a cada carregamento da página",
              "fullTitle": "12 - Faça com que as cores da paleta sejam geradas aleatoriamente ao carregar a página. Verifica se as cores geradas na paleta são diferentes a cada carregamento da página",
              "timedOut": null,
              "duration": 4558,
              "state": "failed",
              "speed": null,
              "pass": false,
              "fail": true,
              "pending": false,
              "context": null,
              "code": "cy.get('.color').then(function (colors) {\n  var currentColors;\n  var previousColors;\n  previousColors = Array.from(colors).map(function (color) {\n    return Cypress.$(color).css('background-color');\n  });\n  for (var i = 0; i < 5; i += 1) {\n    cy.reload();\n    cy.get('.color').then(function (colors) {\n      currentColors = Array.from(colors).map(function (color) {\n        return Cypress.$(color).css('background-color');\n      });\n      expect(currentColors).not.to.deep.equal(previousColors);\n      previousColors = currentColors;\n    });\n  }\n});",
              "err": {
                "message": "CypressError: Timed out retrying: Expected to find element: '.color', but never found it.",
                "estack": "CypressError: Timed out retrying: Expected to find element: '.color', but never found it.\n    at cypressErr (http://localhost:42209/__cypress/runner/cypress_runner.js:149934:9)\n    at throwErr (http://localhost:42209/__cypress/runner/cypress_runner.js:149867:11)\n    at Object.throwErrByPath (http://localhost:42209/__cypress/runner/cypress_runner.js:149915:3)\n    at retry (http://localhost:42209/__cypress/runner/cypress_runner.js:144197:19)\n    at onFailFn (http://localhost:42209/__cypress/runner/cypress_runner.js:132448:16)\n    at tryCatcher (http://localhost:42209/__cypress/runner/cypress_runner.js:167415:23)\n    at Promise._settlePromiseFromHandler (http://localhost:42209/__cypress/runner/cypress_runner.js:165351:31)\n    at Promise._settlePromise (http://localhost:42209/__cypress/runner/cypress_runner.js:165408:18)\n    at Promise._settlePromise0 (http://localhost:42209/__cypress/runner/cypress_runner.js:165453:10)\n    at Promise._settlePromises (http://localhost:42209/__cypress/runner/cypress_runner.js:165528:18)\n    at Async../node_modules/bluebird/js/release/async.js.Async._drainQueue (http://localhost:42209/__cypress/runner/cypress_runner.js:162140:16)\n    at Async../node_modules/bluebird/js/release/async.js.Async._drainQueues (http://localhost:42209/__cypress/runner/cypress_runner.js:162150:10)\n    at Async.drainQueues (http://localhost:42209/__cypress/runner/cypress_runner.js:162024:14)",
                "diff": null
              },
              "uuid": "75f3b996-6903-4898-9e29-9c82f14ee1b9",
              "parentUUID": "15b0d4e1-c18c-4be4-8aa3-2345029d6792",
              "isHook": false,
              "skipped": false
            },
            {
              "title": "Verifica se a cor preta ainda está presente e é a primeira na sua paleta de cores",
              "fullTitle": "12 - Faça com que as cores da paleta sejam geradas aleatoriamente ao carregar a página. Verifica se a cor preta ainda está presente e é a primeira na sua paleta de cores",
              "timedOut": null,
              "duration": 4500,
              "state": "failed",
              "speed": null,
              "pass": false,
              "fail": true,
              "pending": false,
              "context": null,
              "code": "cy.get('.color').then(function (colors) {\n  var currentColors;\n  var previousColors;\n  previousColors = Array.from(colors).map(function (color) {\n    return Cypress.$(color).css('background-color');\n  });\n  expect(previousColors[0]).to.eq(BLACK);\n  for (var i = 0; i < 5; i += 1) {\n    cy.reload();\n    cy.get('.color').then(function (colors) {\n      currentColors = Array.from(colors).map(function (color) {\n        return Cypress.$(color).css('background-color');\n      });\n      expect(currentColors[0]).to.eq(BLACK);\n      expect(currentColors).not.to.deep.equal(previousColors);\n      previousColors = currentColors;\n    });\n  }\n});",
              "err": {
                "message": "CypressError: Timed out retrying: Expected to find element: '.color', but never found it.",
                "estack": "CypressError: Timed out retrying: Expected to find element: '.color', but never found it.\n    at cypressErr (http://localhost:42209/__cypress/runner/cypress_runner.js:149934:9)\n    at throwErr (http://localhost:42209/__cypress/runner/cypress_runner.js:149867:11)\n    at Object.throwErrByPath (http://localhost:42209/__cypress/runner/cypress_runner.js:149915:3)\n    at retry (http://localhost:42209/__cypress/runner/cypress_runner.js:144197:19)\n    at onFailFn (http://localhost:42209/__cypress/runner/cypress_runner.js:132448:16)\n    at tryCatcher (http://localhost:42209/__cypress/runner/cypress_runner.js:167415:23)\n    at Promise._settlePromiseFromHandler (http://localhost:42209/__cypress/runner/cypress_runner.js:165351:31)\n    at Promise._settlePromise (http://localhost:42209/__cypress/runner/cypress_runner.js:165408:18)\n    at Promise._settlePromise0 (http://localhost:42209/__cypress/runner/cypress_runner.js:165453:10)\n    at Promise._settlePromises (http://localhost:42209/__cypress/runner/cypress_runner.js:165528:18)\n    at Async../node_modules/bluebird/js/release/async.js.Async._drainQueue (http://localhost:42209/__cypress/runner/cypress_runner.js:162140:16)\n    at Async../node_modules/bluebird/js/release/async.js.Async._drainQueues (http://localhost:42209/__cypress/runner/cypress_runner.js:162150:10)\n    at Async.drainQueues (http://localhost:42209/__cypress/runner/cypress_runner.js:162024:14)",
                "diff": null
              },
              "uuid": "2fc3beb6-b97d-4f76-92f0-45ebe321aec8",
              "parentUUID": "15b0d4e1-c18c-4be4-8aa3-2345029d6792",
              "isHook": false,
              "skipped": false
            }
          ],
          "suites": [],
          "passes": [],
          "failures": [
            "75f3b996-6903-4898-9e29-9c82f14ee1b9",
            "2fc3beb6-b97d-4f76-92f0-45ebe321aec8"
          ],
          "pending": [],
          "skipped": [],
          "duration": 9058,
          "root": false,
          "rootEmpty": false,
          "_timeout": 2000
        }
      ],
      "passes": [],
      "failures": [],
      "pending": [],
      "skipped": [],
      "duration": 0,
      "root": true,
      "rootEmpty": true,
      "_timeout": 2000
    }
  ],
  "meta": {
    "mocha": {
      "version": "7.0.1"
    },
    "mochawesome": {
      "options": {
        "quiet": false,
        "reportFilename": "mochawesome",
        "saveHtml": false,
        "saveJson": true,
        "consoleReporter": "spec",
        "useInlineDiffs": false
      },
      "version": "4.1.0"
    },
    "marge": {
      "options": {
        "id": "default",
        "reportDir": "cypress/reports",
        "overwrite": true,
        "html": false,
        "json": true
      },
      "version": "4.1.0"
    }
  }
}